<?xml version="1.0" encoding="UTF-8"?>
<!-- Generated by org.testng.reporters.JUnitXMLReporter -->
<testsuite hostname="DESKTOP-F5BRIJ9" ignored="0" name="Test" tests="3" failures="1" timestamp="2023-01-20T14:08:42 IST" time="89.684" errors="0">
  <testcase name="runScenario" time="32.416" classname="io.cucumber.testng.AbstractTestNGCucumberTests"/>
  <testcase name="runScenario" time="28.692" classname="io.cucumber.testng.AbstractTestNGCucumberTests"/>
  <testcase name="runScenario" time="21.927" classname="io.cucumber.testng.AbstractTestNGCucumberTests">
    <failure type="java.lang.AssertionError" message="expected [Dashboard / nopCommerce administration] but found [Your store. Login]">
      <![CDATA[java.lang.AssertionError: expected [Dashboard / nopCommerce administration] but found [Your store. Login]
at com.stepDef.LoginStep.page_title_should_be(LoginStep.java:39)
at ✽.Page title should be "Dashboard / nopCommerce administration"(file:///C:/Users/Admin/eclipse-OJT(SELENIUM)/TestNGWithCucumber/src/test/resources/features/Login.feature:28)
... Removed 6 stack frames]]>
    </failure>
  </testcase> <!-- runScenario -->
</testsuite> <!-- Test -->
