-------------------------------------------------------------------------------
Test set: TestSuite
-------------------------------------------------------------------------------
Tests run: 3, Failures: 1, Errors: 0, Skipped: 0, Time elapsed: 90.535 s <<< FAILURE! - in TestSuite
com.runner.RunnerClass.runScenario["Login Data Driven", "Optional[Login Page]"](3)  Time elapsed: 21.942 s  <<< FAILURE!
java.lang.AssertionError: expected [Dashboard / nopCommerce administration] but found [Your store. Login]

