<?xml version="1.0" encoding="UTF-8"?>
<testsuite xmlns:xsi="http://www.w3.org/2001/XMLSchema-instance" xsi:noNamespaceSchemaLocation="https://maven.apache.org/surefire/maven-surefire-plugin/xsd/surefire-test-report-3.0.xsd" version="3.0" name="TestSuite" time="66.709" tests="4" errors="0" skipped="0" failures="1">
  <properties>
[...]
</properties>
  <testcase name="runScenario[&quot;Add new Customer&quot;, &quot;Optional[Customers]&quot;](1)" classname="com.runner.RunnerClass" time="32.972">
    <system-out><![CDATA[01-25-2023 18:38:12 BaseClass.java INFO  [main] base.BaseClass 28 - ::::Maximizing Window::::
01-25-2023 18:38:12 BaseClass.java INFO  [main] base.BaseClass 33 - :::::Applying Waits::::
01-25-2023 18:38:12 Hooks.java INFO  [main] base.BaseClass 17 - Scenario Executing Start :-Add new Customer
01-25-2023 18:38:21 LoginStep.java INFO  [main] base.BaseClass 37 - After login Title is  :- Dashboard / nopCommerce administration
01-25-2023 18:38:21 CustomerAddStep.java INFO  [main] base.BaseClass 21 - Title of the page :- Dashboard / nopCommerce administration
01-25-2023 18:38:26 CustomerAddStep.java INFO  [main] base.BaseClass 35 - Title of the page :- Add a new customer / nopCommerce administration
01-25-2023 18:38:30 PageUtility.java INFO  [main] base.BaseClass 85 - Dropdown Total element count :- 3
01-25-2023 18:38:36 CustomerAddStep.java INFO  [main] base.BaseClass 74 - Actual message is display :- John Smith
Logout
Dashboard
Catalog
Sales
Customers
Customers
Customer roles
Online customers
Vendors
Activity log
Activity Types
GDPR requests (log)
Promotions
Content management
Configuration
System
Reports
Help
×
The new customer has been added successfully.
Customers
Add new
Export
  Search
Email
First name
Last name
Date of birth
Month
1
2
3
4
5
6
7
8
9
10
11
12
Day
1
2
3
4
5
6
7
8
9
10
11
12
13
14
15
16
17
18
19
20
21
22
23
24
25
26
27
28
29
30
31
Registration date from
Registration date to
Last activity from
Last activity to
Company
IP address
Customer roles
Registered
Search
Learn more about customers
Email Name Customer roles Company name Active Edit
RaOne@gmail.com RaOne Pathan Registered Berojgar Bharat Pvt Ltd Edit
kiyjcycyhjc676008@gmail.com Virat Kohli Registered Indian Cricket Team Edit
victoria_victoria@nopCommerce.com Victoria Terces Registered Edit
brenda_lindgren@nopCommerce.com Brenda Lindgren Registered Edit
james_pan@nopCommerce.com James Pan Registered Edit
arthur_holmes@nopCommerce.com Arthur Holmes Registered Edit
steve_gates@nopCommerce.com Steve Gates Registered Edit
admin@yourStore.com John Smith Administrators, Forum Moderators, Registered Edit
1
Show
7
15
20
50
100
items
1-8 of 8 items
Powered by nopCommerce
Wednesday, January 25, 2023 5:08 AM
nopCommerce version 4.60.0
Scenario Executing Finish :-Add new Customer
]]></system-out>
    <system-err><![CDATA[Starting ChromeDriver 108.0.5359.71 (1e0e3868ee06e91ad636a874420e3ca3ae3756ac-refs/branch-heads/5359@{#1016}) on port 15418
Only local connections are allowed.
Please see https://chromedriver.chromium.org/security-considerations for suggestions on keeping ChromeDriver safe.
ChromeDriver was started successfully.
[1674652092.706][WARNING]: This version of ChromeDriver has not been tested with Chrome version 109.
Jan 25, 2023 6:38:12 PM org.openqa.selenium.remote.ProtocolHandshake createSession
INFO: Detected dialect: W3C
]]></system-err>
  </testcase>
  <testcase name="runScenario[&quot;Successful Login with Valid Credentials&quot;, &quot;Optional[Login Page]&quot;](2)" classname="com.runner.RunnerClass" time="10.923">
    <system-out><![CDATA[01-25-2023 18:38:44 BaseClass.java INFO  [main] base.BaseClass 28 - ::::Maximizing Window::::
01-25-2023 18:38:44 BaseClass.java INFO  [main] base.BaseClass 33 - :::::Applying Waits::::
01-25-2023 18:38:44 Hooks.java INFO  [main] base.BaseClass 17 - Scenario Executing Start :-Successful Login with Valid Credentials
01-25-2023 18:38:51 LoginStep.java INFO  [main] base.BaseClass 37 - After login Title is  :- Dashboard / nopCommerce administration
01-25-2023 18:38:53 LoginStep.java INFO  [main] base.BaseClass 50 - After logout Title is :- Your store. Login
01-25-2023 18:38:53 LoginStep.java INFO  [main] base.BaseClass 37 - After login Title is  :- Your store. Login
Scenario Executing Finish :-Successful Login with Valid Credentials
]]></system-out>
    <system-err><![CDATA[Starting ChromeDriver 108.0.5359.71 (1e0e3868ee06e91ad636a874420e3ca3ae3756ac-refs/branch-heads/5359@{#1016}) on port 35252
Only local connections are allowed.
Please see https://chromedriver.chromium.org/security-considerations for suggestions on keeping ChromeDriver safe.
ChromeDriver was started successfully.
[1674652124.264][WARNING]: This version of ChromeDriver has not been tested with Chrome version 109.
Jan 25, 2023 6:38:44 PM org.openqa.selenium.remote.ProtocolHandshake createSession
INFO: Detected dialect: W3C
]]></system-err>
  </testcase>
  <testcase name="runScenario[&quot;Login Data Driven&quot;, &quot;Optional[Login Page]&quot;](3)" classname="com.runner.RunnerClass" time="10.427">
    <system-out><![CDATA[01-25-2023 18:38:55 BaseClass.java INFO  [main] base.BaseClass 28 - ::::Maximizing Window::::
01-25-2023 18:38:55 BaseClass.java INFO  [main] base.BaseClass 33 - :::::Applying Waits::::
01-25-2023 18:38:55 Hooks.java INFO  [main] base.BaseClass 17 - Scenario Executing Start :-Login Data Driven
01-25-2023 18:39:01 LoginStep.java INFO  [main] base.BaseClass 37 - After login Title is  :- Dashboard / nopCommerce administration
01-25-2023 18:39:03 LoginStep.java INFO  [main] base.BaseClass 50 - After logout Title is :- Your store. Login
Scenario Executing Finish :-Login Data Driven
]]></system-out>
    <system-err><![CDATA[Starting ChromeDriver 108.0.5359.71 (1e0e3868ee06e91ad636a874420e3ca3ae3756ac-refs/branch-heads/5359@{#1016}) on port 44243
Only local connections are allowed.
Please see https://chromedriver.chromium.org/security-considerations for suggestions on keeping ChromeDriver safe.
ChromeDriver was started successfully.
[1674652135.095][WARNING]: This version of ChromeDriver has not been tested with Chrome version 109.
Jan 25, 2023 6:38:55 PM org.openqa.selenium.remote.ProtocolHandshake createSession
INFO: Detected dialect: W3C
]]></system-err>
  </testcase>
  <testcase name="runScenario[&quot;Login Data Driven&quot;, &quot;Optional[Login Page]&quot;](4)" classname="com.runner.RunnerClass" time="4.674">
    <failure message="expected [Dashboard / nopCommerce administration] but found [Your store. Login]" type="java.lang.AssertionError"><![CDATA[java.lang.AssertionError: expected [Dashboard / nopCommerce administration] but found [Your store. Login]
]]></failure>
    <system-out><![CDATA[01-25-2023 18:39:05 BaseClass.java INFO  [main] base.BaseClass 28 - ::::Maximizing Window::::
01-25-2023 18:39:05 BaseClass.java INFO  [main] base.BaseClass 33 - :::::Applying Waits::::
01-25-2023 18:39:05 Hooks.java INFO  [main] base.BaseClass 17 - Scenario Executing Start :-Login Data Driven
01-25-2023 18:39:07 LoginStep.java INFO  [main] base.BaseClass 37 - After login Title is  :- Your store. Login
Scenario Executing Finish :-Login Data Driven
]]></system-out>
    <system-err><![CDATA[Starting ChromeDriver 108.0.5359.71 (1e0e3868ee06e91ad636a874420e3ca3ae3756ac-refs/branch-heads/5359@{#1016}) on port 5661
Only local connections are allowed.
Please see https://chromedriver.chromium.org/security-considerations for suggestions on keeping ChromeDriver safe.
ChromeDriver was started successfully.
[1674652145.489][WARNING]: This version of ChromeDriver has not been tested with Chrome version 109.
Jan 25, 2023 6:39:05 PM org.openqa.selenium.remote.ProtocolHandshake createSession
INFO: Detected dialect: W3C
]]></system-err>
  </testcase>
</testsuite>