<?xml version="1.0" encoding="UTF-8"?>
<testsuite xmlns:xsi="http://www.w3.org/2001/XMLSchema-instance" xsi:noNamespaceSchemaLocation="https://maven.apache.org/surefire/maven-surefire-plugin/xsd/surefire-test-report-3.0.xsd" version="3.0" name="TestSuite" time="157.901" tests="4" errors="0" skipped="0" failures="2">
  <properties>
[...]
</properties>
  <testcase name="runScenario[&quot;Add new Customer&quot;, &quot;Optional[Customers]&quot;](1)" classname="com.runner.RunnerClass" time="76.206">
    <failure message="element not interactable&#10;  (Session info: chrome=109.0.5414.120)&#10;Build info: version: &apos;3.141.59&apos;, revision: &apos;e82be7d358&apos;, time: &apos;2018-11-14T08:17:03&apos;&#10;System info: host: &apos;DESKTOP-F5BRIJ9&apos;, ip: &apos;192.168.170.224&apos;, os.name: &apos;Windows 10&apos;, os.arch: &apos;amd64&apos;, os.version: &apos;10.0&apos;, java.version: &apos;1.8.0_144&apos;&#10;Driver info: org.openqa.selenium.chrome.ChromeDriver&#10;Capabilities {acceptInsecureCerts: false, browserName: chrome, browserVersion: 109.0.5414.120, chrome: {chromedriverVersion: 109.0.5414.74 (e7c5703604da..., userDataDir: C:\Users\Admin\AppData\Loca...}, goog:chromeOptions: {debuggerAddress: localhost:1205}, javascriptEnabled: true, networkConnectionEnabled: false, pageLoadStrategy: normal, platform: WINDOWS, platformName: WINDOWS, proxy: Proxy(), setWindowRect: true, strictFileInteractability: false, timeouts: {implicit: 0, pageLoad: 300000, script: 30000}, unhandledPromptBehavior: dismiss and notify, webauthn:extension:credBlob: true, webauthn:extension:largeBlob: true, webauthn:virtualAuthenticators: true}&#10;Session ID: 539a87e7217a6cef297763054be7d345" type="org.openqa.selenium.ElementNotInteractableException"><![CDATA[org.openqa.selenium.ElementNotInteractableException: 
element not interactable
  (Session info: chrome=109.0.5414.120)
Build info: version: '3.141.59', revision: 'e82be7d358', time: '2018-11-14T08:17:03'
System info: host: 'DESKTOP-F5BRIJ9', ip: '192.168.170.224', os.name: 'Windows 10', os.arch: 'amd64', os.version: '10.0', java.version: '1.8.0_144'
Driver info: org.openqa.selenium.chrome.ChromeDriver
Capabilities {acceptInsecureCerts: false, browserName: chrome, browserVersion: 109.0.5414.120, chrome: {chromedriverVersion: 109.0.5414.74 (e7c5703604da..., userDataDir: C:\Users\Admin\AppData\Loca...}, goog:chromeOptions: {debuggerAddress: localhost:1205}, javascriptEnabled: true, networkConnectionEnabled: false, pageLoadStrategy: normal, platform: WINDOWS, platformName: WINDOWS, proxy: Proxy(), setWindowRect: true, strictFileInteractability: false, timeouts: {implicit: 0, pageLoad: 300000, script: 30000}, unhandledPromptBehavior: dismiss and notify, webauthn:extension:credBlob: true, webauthn:extension:largeBlob: true, webauthn:virtualAuthenticators: true}
Session ID: 539a87e7217a6cef297763054be7d345
]]></failure>
    <system-out><![CDATA[02-06-2023 14:46:24 BaseClass.java INFO  [main] base.BaseClass 31 - ::::Maximizing Window::::
02-06-2023 14:46:24 BaseClass.java INFO  [main] base.BaseClass 36 - :::::Applying Waits::::
02-06-2023 14:46:24 Hooks.java INFO  [main] base.BaseClass 18 - Scenario Executing Start :-Add new Customer
02-06-2023 14:46:35 LoginStep.java INFO  [main] base.BaseClass 38 - After login Title is  :- Dashboard / nopCommerce administration
02-06-2023 14:46:35 CustomerAddStep.java INFO  [main] base.BaseClass 21 - Title of the page :- Dashboard / nopCommerce administration
02-06-2023 14:46:40 CustomerAddStep.java INFO  [main] base.BaseClass 35 - Title of the page :- Add a new customer / nopCommerce administration
02-06-2023 14:47:20 Hooks.java INFO  [main] base.BaseClass 30 - Scenario Executing Finish :-Add new Customer
]]></system-out>
    <system-err><![CDATA[Starting ChromeDriver 109.0.5414.74 (e7c5703604daa9cc128ccf5a5d3e993513758913-refs/branch-heads/5414@{#1172}) on port 6773
Only local connections are allowed.
Please see https://chromedriver.chromium.org/security-considerations for suggestions on keeping ChromeDriver safe.
ChromeDriver was started successfully.
Feb 06, 2023 2:46:24 PM org.openqa.selenium.remote.ProtocolHandshake createSession
INFO: Detected dialect: W3C
[1675675044.961][WARNING]: Timed out connecting to Chrome, retrying...
[1675675053.049][WARNING]: Timed out connecting to Chrome, retrying...
]]></system-err>
  </testcase>
  <testcase name="runScenario[&quot;Successful Login with Valid Credentials&quot;, &quot;Optional[Login Page]&quot;](2)" classname="com.runner.RunnerClass" time="18.614">
    <system-out><![CDATA[02-06-2023 14:47:39 BaseClass.java INFO  [main] base.BaseClass 31 - ::::Maximizing Window::::
02-06-2023 14:47:39 BaseClass.java INFO  [main] base.BaseClass 36 - :::::Applying Waits::::
02-06-2023 14:47:39 Hooks.java INFO  [main] base.BaseClass 18 - Scenario Executing Start :-Successful Login with Valid Credentials
02-06-2023 14:47:50 LoginStep.java INFO  [main] base.BaseClass 38 - After login Title is  :- Dashboard / nopCommerce administration
02-06-2023 14:47:55 LoginStep.java INFO  [main] base.BaseClass 52 - After logout Title is :- Your store. Login
02-06-2023 14:47:55 LoginStep.java INFO  [main] base.BaseClass 38 - After login Title is  :- Your store. Login
02-06-2023 14:47:55 Hooks.java INFO  [main] base.BaseClass 30 - Scenario Executing Finish :-Successful Login with Valid Credentials
]]></system-out>
    <system-err><![CDATA[Starting ChromeDriver 109.0.5414.74 (e7c5703604daa9cc128ccf5a5d3e993513758913-refs/branch-heads/5414@{#1172}) on port 31702
Only local connections are allowed.
Please see https://chromedriver.chromium.org/security-considerations for suggestions on keeping ChromeDriver safe.
ChromeDriver was started successfully.
Feb 06, 2023 2:47:39 PM org.openqa.selenium.remote.ProtocolHandshake createSession
INFO: Detected dialect: W3C
]]></system-err>
  </testcase>
  <testcase name="runScenario[&quot;Login Data Driven&quot;, &quot;Optional[Login Page]&quot;](3)" classname="com.runner.RunnerClass" time="33.954">
    <system-out><![CDATA[02-06-2023 14:47:57 BaseClass.java INFO  [main] base.BaseClass 31 - ::::Maximizing Window::::
02-06-2023 14:47:57 BaseClass.java INFO  [main] base.BaseClass 36 - :::::Applying Waits::::
02-06-2023 14:47:57 Hooks.java INFO  [main] base.BaseClass 18 - Scenario Executing Start :-Login Data Driven
02-06-2023 14:48:08 LoginStep.java INFO  [main] base.BaseClass 38 - After login Title is  :- Dashboard / nopCommerce administration
02-06-2023 14:48:13 LoginStep.java INFO  [main] base.BaseClass 52 - After logout Title is :- Your store. Login
02-06-2023 14:48:13 Hooks.java INFO  [main] base.BaseClass 30 - Scenario Executing Finish :-Login Data Driven
]]></system-out>
    <system-err><![CDATA[Starting ChromeDriver 109.0.5414.74 (e7c5703604daa9cc128ccf5a5d3e993513758913-refs/branch-heads/5414@{#1172}) on port 42733
Only local connections are allowed.
Please see https://chromedriver.chromium.org/security-considerations for suggestions on keeping ChromeDriver safe.
ChromeDriver was started successfully.
Feb 06, 2023 2:47:57 PM org.openqa.selenium.remote.ProtocolHandshake createSession
INFO: Detected dialect: W3C
[1675675097.589][WARNING]: Timed out connecting to Chrome, retrying...
[1675675105.676][WARNING]: Timed out connecting to Chrome, retrying...
]]></system-err>
  </testcase>
  <testcase name="runScenario[&quot;Login Data Driven&quot;, &quot;Optional[Login Page]&quot;](4)" classname="com.runner.RunnerClass" time="21.165">
    <failure message="expected [Dashboard / nopCommerce administration] but found [Your store. Login]" type="java.lang.AssertionError"><![CDATA[java.lang.AssertionError: expected [Dashboard / nopCommerce administration] but found [Your store. Login]
]]></failure>
    <system-out><![CDATA[02-06-2023 14:48:31 BaseClass.java INFO  [main] base.BaseClass 31 - ::::Maximizing Window::::
02-06-2023 14:48:31 BaseClass.java INFO  [main] base.BaseClass 36 - :::::Applying Waits::::
02-06-2023 14:48:31 Hooks.java INFO  [main] base.BaseClass 18 - Scenario Executing Start :-Login Data Driven
02-06-2023 14:48:34 LoginStep.java INFO  [main] base.BaseClass 38 - After login Title is  :- Your store. Login
02-06-2023 14:48:34 Hooks.java INFO  [main] base.BaseClass 30 - Scenario Executing Finish :-Login Data Driven
]]></system-out>
    <system-err><![CDATA[Starting ChromeDriver 109.0.5414.74 (e7c5703604daa9cc128ccf5a5d3e993513758913-refs/branch-heads/5414@{#1172}) on port 37994
Only local connections are allowed.
Please see https://chromedriver.chromium.org/security-considerations for suggestions on keeping ChromeDriver safe.
ChromeDriver was started successfully.
Feb 06, 2023 2:48:31 PM org.openqa.selenium.remote.ProtocolHandshake createSession
INFO: Detected dialect: W3C
[1675675118.763][WARNING]: Timed out connecting to Chrome, retrying...
[1675675126.850][WARNING]: Timed out connecting to Chrome, retrying...
]]></system-err>
  </testcase>
</testsuite>