<?xml version="1.0" encoding="UTF-8"?>
<testng-results skipped="0" failed="0" ignored="0" total="4" passed="4">
  <reporter-output>
  </reporter-output>
  <suite name="Default suite" duration-ms="7600" started-at="2023-01-27T14:39:46 IST" finished-at="2023-01-27T14:39:54 IST">
    <groups>
      <group name="cucumber">
        <method signature="AbstractTestNGCucumberTests.runScenario(io.cucumber.testng.PickleWrapper, io.cucumber.testng.FeatureWrapper)[pri:0, instance:com.runner.RunnerClass@1500955a]" name="runScenario" class="io.cucumber.testng.AbstractTestNGCucumberTests"/>
      </group> <!-- cucumber -->
    </groups>
    <test name="Default test" duration-ms="7600" started-at="2023-01-27T14:39:46 IST" finished-at="2023-01-27T14:39:54 IST">
      <class name="com.runner.RunnerClass">
        <test-method status="PASS" signature="setUpClass()[pri:0, instance:com.runner.RunnerClass@1500955a]" name="setUpClass" is-config="true" duration-ms="1223" started-at="2023-01-27T14:39:46 IST" finished-at="2023-01-27T14:39:47 IST">
          <reporter-output>
          </reporter-output>
        </test-method> <!-- setUpClass -->
        <test-method status="PASS" signature="runScenario(io.cucumber.testng.PickleWrapper, io.cucumber.testng.FeatureWrapper)[pri:0, instance:com.runner.RunnerClass@1500955a]" name="runScenario" duration-ms="387" started-at="2023-01-27T14:39:47 IST" description="Runs Cucumber Scenarios" data-provider="scenarios" finished-at="2023-01-27T14:39:48 IST">
          <params>
            <param index="0">
              <value>
                <![CDATA["Add new Customer"]]>
              </value>
            </param>
            <param index="1">
              <value>
                <![CDATA["Optional[Customers]"]]>
              </value>
            </param>
          </params>
          <reporter-output>
          </reporter-output>
        </test-method> <!-- runScenario -->
        <test-method status="PASS" signature="runScenario(io.cucumber.testng.PickleWrapper, io.cucumber.testng.FeatureWrapper)[pri:0, instance:com.runner.RunnerClass@1500955a]" name="runScenario" duration-ms="52" started-at="2023-01-27T14:39:48 IST" description="Runs Cucumber Scenarios" data-provider="scenarios" finished-at="2023-01-27T14:39:48 IST">
          <params>
            <param index="0">
              <value>
                <![CDATA["Successful Login with Valid Credentials"]]>
              </value>
            </param>
            <param index="1">
              <value>
                <![CDATA["Optional[Login Page]"]]>
              </value>
            </param>
          </params>
          <reporter-output>
          </reporter-output>
        </test-method> <!-- runScenario -->
        <test-method status="PASS" signature="runScenario(io.cucumber.testng.PickleWrapper, io.cucumber.testng.FeatureWrapper)[pri:0, instance:com.runner.RunnerClass@1500955a]" name="runScenario" duration-ms="31" started-at="2023-01-27T14:39:48 IST" description="Runs Cucumber Scenarios" data-provider="scenarios" finished-at="2023-01-27T14:39:48 IST">
          <params>
            <param index="0">
              <value>
                <![CDATA["Login Data Driven"]]>
              </value>
            </param>
            <param index="1">
              <value>
                <![CDATA["Optional[Login Page]"]]>
              </value>
            </param>
          </params>
          <reporter-output>
          </reporter-output>
        </test-method> <!-- runScenario -->
        <test-method status="PASS" signature="runScenario(io.cucumber.testng.PickleWrapper, io.cucumber.testng.FeatureWrapper)[pri:0, instance:com.runner.RunnerClass@1500955a]" name="runScenario" duration-ms="19" started-at="2023-01-27T14:39:48 IST" description="Runs Cucumber Scenarios" data-provider="scenarios" finished-at="2023-01-27T14:39:48 IST">
          <params>
            <param index="0">
              <value>
                <![CDATA["Login Data Driven"]]>
              </value>
            </param>
            <param index="1">
              <value>
                <![CDATA["Optional[Login Page]"]]>
              </value>
            </param>
          </params>
          <reporter-output>
          </reporter-output>
        </test-method> <!-- runScenario -->
        <test-method status="PASS" signature="tearDownClass()[pri:0, instance:com.runner.RunnerClass@1500955a]" name="tearDownClass" is-config="true" duration-ms="5822" started-at="2023-01-27T14:39:48 IST" finished-at="2023-01-27T14:39:54 IST">
          <reporter-output>
          </reporter-output>
        </test-method> <!-- tearDownClass -->
      </class> <!-- com.runner.RunnerClass -->
    </test> <!-- Default test -->
  </suite> <!-- Default suite -->
</testng-results>
