<?xml version="1.0" encoding="UTF-8"?>
<!-- Generated by org.testng.reporters.JUnitReportReporter -->
<testsuite skipped="0" hostname="DESKTOP-F5BRIJ9" name="com.runner.RunnerClass" tests="4" failures="1" timestamp="2023-02-06T14:55:58 IST" time="118.688" errors="0">
  <testcase name="runScenario" time="43.292" classname="com.runner.RunnerClass"/>
  <system-out/>
  <testcase name="runScenario" time="18.891" classname="com.runner.RunnerClass"/>
  <system-out/>
  <testcase name="runScenario" time="33.618" classname="com.runner.RunnerClass"/>
  <system-out/>
  <testcase name="runScenario" time="22.887" classname="com.runner.RunnerClass">
    <failure type="java.lang.AssertionError" message="expected [Dashboard / nopCommerce administration] but found [Your store. Login]">
      <![CDATA[java.lang.AssertionError: expected [Dashboard / nopCommerce administration] but found [Your store. Login]
at org.testng.Assert.fail(Assert.java:99)
at org.testng.Assert.failNotEquals(Assert.java:1037)
at org.testng.Assert.assertEqualsImpl(Assert.java:140)
at org.testng.Assert.assertEquals(Assert.java:122)
at org.testng.Assert.assertEquals(Assert.java:629)
at org.testng.Assert.assertEquals(Assert.java:639)
at com.stepDef.LoginStep.page_title_should_be(LoginStep.java:40)
at âœ½.Page title should be "Dashboard / nopCommerce administration"(file:///C:/Users/Admin/eclipse-Main(Selenium)/TestNGWithCucumber/src/test/resources/features/Login.feature:28)
]]>
    </failure>
  </testcase> <!-- runScenario -->
  <system-out/>
</testsuite> <!-- com.runner.RunnerClass -->
