<?xml version="1.0" encoding="UTF-8"?>
<!-- Generated by org.testng.reporters.JUnitReportReporter -->
<testsuite skipped="0" hostname="DESKTOP-F5BRIJ9" name="com.runner.RunnerClass" tests="4" failures="1" timestamp="2023-01-25T18:39:14 IST" time="58.966" errors="0">
  <testcase name="runScenario" time="32.908" classname="com.runner.RunnerClass"/>
  <system-out/>
  <testcase name="runScenario" time="10.440" classname="com.runner.RunnerClass"/>
  <system-out/>
  <testcase name="runScenario" time="4.653" classname="com.runner.RunnerClass">
    <failure type="java.lang.AssertionError" message="expected [Dashboard / nopCommerce administration] but found [Your store. Login]">
      <![CDATA[java.lang.AssertionError: expected [Dashboard / nopCommerce administration] but found [Your store. Login]
at org.testng.Assert.fail(Assert.java:99)
at org.testng.Assert.failNotEquals(Assert.java:1037)
at org.testng.Assert.assertEqualsImpl(Assert.java:140)
at org.testng.Assert.assertEquals(Assert.java:122)
at org.testng.Assert.assertEquals(Assert.java:629)
at org.testng.Assert.assertEquals(Assert.java:639)
at com.stepDef.LoginStep.page_title_should_be(LoginStep.java:39)
at ✽.Page title should be "Dashboard / nopCommerce administration"(file:///C:/Users/Admin/eclipse-OJT(SELENIUM)/TestNGWithCucumber/src/test/resources/features/Login.feature:28)
]]>
    </failure>
  </testcase> <!-- runScenario -->
  <system-out/>
  <testcase name="runScenario" time="10.965" classname="com.runner.RunnerClass"/>
  <system-out/>
</testsuite> <!-- com.runner.RunnerClass -->
